# JRE version: Java(TM) SE Runtime Environment (17.0.12+8) (build 17.0.12+8-LTS-286)
# Java VM: Java HotSpot(TM) 64-Bit Server VM (17.0.12+8-LTS-286, mixed mode, sharing, tiered, compressed oops, compressed class ptrs, g1 gc, windows-amd64)
GC Precious Log:
 CPUs: 8 total, 8 available
 Memory: 15747M
 Large Page Support: Disabled
 NUMA Support: Disabled
 Compressed Oops: Enabled (Zero based)
 Heap Region Size: 4M
 Heap Min Capacity: 8M
 Heap Initial Capacity: 248M
 Heap Max Capacity: 8G
 Pre-touch: Disabled
 Parallel Workers: 8
 Concurrent Workers: 2
 Concurrent Refinement Workers: 8
 Periodic GC: Disabled
Heap:
 garbage-first heap   total 954368K, used 407778K [0x0000000600000000, 0x0000000800000000)
  region size 4096K, 17 young (69632K), 8 survivors (32768K)
 Metaspace       used 200021K, committed 201600K, reserved 1245184K
  class space    used 25257K, committed 26048K, reserved 1048576K
GC Heap History (20 events):
Event: 146.771 GC heap before
{Heap before GC invocations=63 (full 0):
 garbage-first heap   total 405504K, used 242628K [0x0000000600000000, 0x0000000800000000)
  region size 4096K, 11 young (45056K), 2 survivors (8192K)
 Metaspace       used 152049K, committed 152960K, reserved 1245184K
  class space    used 19575K, committed 20032K, reserved 1048576K
}
Event: 146.792 GC heap after
{Heap after GC invocations=64 (full 0):
 garbage-first heap   total 405504K, used 216512K [0x0000000600000000, 0x0000000800000000)
  region size 4096K, 2 young (8192K), 2 survivors (8192K)
 Metaspace       used 152049K, committed 152960K, reserved 1245184K
  class space    used 19575K, committed 20032K, reserved 1048576K
}
Event: 147.916 GC heap before
{Heap before GC invocations=65 (full 0):
 garbage-first heap   total 405504K, used 306624K [0x0000000600000000, 0x0000000800000000)
  region size 4096K, 24 young (98304K), 2 survivors (8192K)
 Metaspace       used 152390K, committed 153408K, reserved 1245184K
  class space    used 19598K, committed 20096K, reserved 1048576K
}
Event: 147.944 GC heap after
{Heap after GC invocations=66 (full 0):
 garbage-first heap   total 405504K, used 227769K [0x0000000600000000, 0x0000000800000000)
  region size 4096K, 3 young (12288K), 3 survivors (12288K)
 Metaspace       used 152390K, committed 153408K, reserved 1245184K
  class space    used 19598K, committed 20096K, reserved 1048576K
}
Event: 147.962 GC heap before
{Heap before GC invocations=66 (full 0):
 garbage-first heap   total 405504K, used 231865K [0x0000000600000000, 0x0000000800000000)
  region size 4096K, 4 young (16384K), 3 survivors (12288K)
 Metaspace       used 152390K, committed 153408K, reserved 1245184K
  class space    used 19598K, committed 20096K, reserved 1048576K
}
Event: 147.978 GC heap after
{Heap after GC invocations=67 (full 0):
 garbage-first heap   total 405504K, used 226395K [0x0000000600000000, 0x0000000800000000)
  region size 4096K, 1 young (4096K), 1 survivors (4096K)
 Metaspace       used 152390K, committed 153408K, reserved 1245184K
  class space    used 19598K, committed 20096K, reserved 1048576K
}
Event: 149.472 GC heap before
{Heap before GC invocations=67 (full 0):
 garbage-first heap   total 405504K, used 312411K [0x0000000600000000, 0x0000000800000000)
  region size 4096K, 22 young (90112K), 1 survivors (4096K)
 Metaspace       used 152673K, committed 153664K, reserved 1245184K
  class space    used 19614K, committed 20096K, reserved 1048576K
}
Event: 149.488 GC heap after
{Heap after GC invocations=68 (full 0):
 garbage-first heap   total 954368K, used 234420K [0x0000000600000000, 0x0000000800000000)
  region size 4096K, 3 young (12288K), 3 survivors (12288K)
 Metaspace       used 152673K, committed 153664K, reserved 1245184K
  class space    used 19614K, committed 20096K, reserved 1048576K
}
Event: 161.732 GC heap before
{Heap before GC invocations=68 (full 0):
 garbage-first heap   total 954368K, used 680884K [0x0000000600000000, 0x0000000800000000)
  region size 4096K, 111 young (454656K), 3 survivors (12288K)
 Metaspace       used 166356K, committed 167424K, reserved 1245184K
  class space    used 21236K, committed 21760K, reserved 1048576K
}
Event: 161.767 GC heap after
{Heap after GC invocations=69 (full 0):
 garbage-first heap   total 954368K, used 254482K [0x0000000600000000, 0x0000000800000000)
  region size 4096K, 7 young (28672K), 7 survivors (28672K)
 Metaspace       used 166356K, committed 167424K, reserved 1245184K
  class space    used 21236K, committed 21760K, reserved 1048576K
}
Event: 173.512 GC heap before
{Heap before GC invocations=69 (full 0):
 garbage-first heap   total 954368K, used 746002K [0x0000000600000000, 0x0000000800000000)
  region size 4096K, 120 young (491520K), 7 survivors (28672K)
 Metaspace       used 172256K, committed 173568K, reserved 1245184K
  class space    used 21752K, committed 22400K, reserved 1048576K
}
Event: 173.575 GC heap after
{Heap after GC invocations=70 (full 0):
 garbage-first heap   total 954368K, used 293260K [0x0000000600000000, 0x0000000800000000)
  region size 4096K, 15 young (61440K), 15 survivors (61440K)
 Metaspace       used 172256K, committed 173568K, reserved 1245184K
  class space    used 21752K, committed 22400K, reserved 1048576K
}
Event: 185.875 GC heap before
{Heap before GC invocations=70 (full 0):
 garbage-first heap   total 954368K, used 731532K [0x0000000600000000, 0x0000000800000000)
  region size 4096K, 122 young (499712K), 15 survivors (61440K)
 Metaspace       used 183916K, committed 185344K, reserved 1245184K
  class space    used 23426K, committed 24128K, reserved 1048576K
}
Event: 185.936 GC heap after
{Heap after GC invocations=71 (full 0):
 garbage-first heap   total 954368K, used 303424K [0x0000000600000000, 0x0000000800000000)
  region size 4096K, 4 young (16384K), 4 survivors (16384K)
 Metaspace       used 183916K, committed 185344K, reserved 1245184K
  class space    used 23426K, committed 24128K, reserved 1048576K
}
Event: 531.272 GC heap before
{Heap before GC invocations=71 (full 0):
 garbage-first heap   total 954368K, used 758080K [0x0000000600000000, 0x0000000800000000)
  region size 4096K, 115 young (471040K), 4 survivors (16384K)
 Metaspace       used 197865K, committed 199360K, reserved 1245184K
  class space    used 25169K, committed 25920K, reserved 1048576K
}
Event: 531.336 GC heap after
{Heap after GC invocations=72 (full 0):
 garbage-first heap   total 954368K, used 307524K [0x0000000600000000, 0x0000000800000000)
  region size 4096K, 7 young (28672K), 7 survivors (28672K)
 Metaspace       used 197865K, committed 199360K, reserved 1245184K
  class space    used 25169K, committed 25920K, reserved 1048576K
}
Event: 540.352 GC heap before
{Heap before GC invocations=72 (full 0):
 garbage-first heap   total 954368K, used 799044K [0x0000000600000000, 0x0000000800000000)
  region size 4096K, 120 young (491520K), 7 survivors (28672K)
 Metaspace       used 199019K, committed 200576K, reserved 1245184K
  class space    used 25222K, committed 25984K, reserved 1048576K
}
Event: 540.475 GC heap after
{Heap after GC invocations=73 (full 0):
 garbage-first heap   total 954368K, used 340869K [0x0000000600000000, 0x0000000800000000)
  region size 4096K, 15 young (61440K), 15 survivors (61440K)
 Metaspace       used 199019K, committed 200576K, reserved 1245184K
  class space    used 25222K, committed 25984K, reserved 1048576K
}
Event: 549.966 GC heap before
{Heap before GC invocations=73 (full 0):
 garbage-first heap   total 954368K, used 770949K [0x0000000600000000, 0x0000000800000000)
  region size 4096K, 118 young (483328K), 15 survivors (61440K)
 Metaspace       used 199777K, committed 201280K, reserved 1245184K
  class space    used 25232K, committed 25984K, reserved 1048576K
}
Event: 550.076 GC heap after
{Heap after GC invocations=74 (full 0):
 garbage-first heap   total 954368K, used 375010K [0x0000000600000000, 0x0000000800000000)
  region size 4096K, 8 young (32768K), 8 survivors (32768K)
 Metaspace       used 199777K, committed 201280K, reserved 1245184K
  class space    used 25232K, committed 25984K, reserved 1048576K
}

